<?xml version="1.0" encoding="UTF-8"?>
<!-- Generated by org.testng.reporters.JUnitXMLReporter -->
<testsuite ignored="4" hostname="DESKTOP-GUADMG8" failures="0" tests="3" name="Test" time="74.931" errors="0" timestamp="2025-06-23T12:35:43 IST">
  <testcase classname="OrganizationTest.ToCreateOrgWithTypeTest" name="toCreateOrgWithType_005" time="18.648"/>
  <testcase classname="OrganizationTest.ToCreateOrgTest" name="toCreateContactOrg_002" time="17.613"/>
  <testcase classname="OrganizationTest.ToCreateOrgWithIndustryTest" name="toCreateOrgwithIndustry_003" time="19.908"/>
  <testcase classname="genericUtility.BaseClass" name="@BeforeSuite beforeSuiteConfig" time="0.0">
    <ignored/>
  </testcase> <!-- @BeforeSuite beforeSuiteConfig -->
  <testcase classname="genericUtility.BaseClass" name="@AfterSuite afterSuiteConfig" time="0.0">
    <ignored/>
  </testcase> <!-- @AfterSuite afterSuiteConfig -->
  <testcase classname="genericUtility.BaseClass" name="@AfterSuite afterSuiteConfig" time="0.0">
    <ignored/>
  </testcase> <!-- @AfterSuite afterSuiteConfig -->
  <testcase classname="genericUtility.BaseClass" name="@BeforeSuite beforeSuiteConfig" time="0.0">
    <ignored/>
  </testcase> <!-- @BeforeSuite beforeSuiteConfig -->
</testsuite> <!-- Test -->
