<?xml version="1.0" encoding="UTF-8"?>
<testng-results ignored="0" total="5" passed="4" failed="1" skipped="0">
  <reporter-output>
  </reporter-output>
  <suite started-at="2025-06-26T12:32:15 IST" name="Suite" finished-at="2025-06-26T12:33:17 IST" duration-ms="61734">
    <groups>
      <group name="Regression">
        <method signature="ToCreateOrgTest.toCreateContactOrg_002()[pri:0, instance:OrganizationTest.ToCreateOrgTest@2de23121]" name="toCreateContactOrg_002" class="OrganizationTest.ToCreateOrgTest"/>
        <method signature="ToCreateOrgWithIndustryTest.toCreateOrgwithIndustry_003()[pri:0, instance:OrganizationTest.ToCreateOrgWithIndustryTest@63475ace]" name="toCreateOrgwithIndustry_003" class="OrganizationTest.ToCreateOrgWithIndustryTest"/>
        <method signature="ToCreateOrgWithTypeTest.toCreateOrgWithType_005()[pri:0, instance:OrganizationTest.ToCreateOrgWithTypeTest@4988d8b8]" name="toCreateOrgWithType_005" class="OrganizationTest.ToCreateOrgWithTypeTest"/>
      </group> <!-- Regression -->
      <group name="smoke">
        <method signature="ToCreateContactOrgTest.toCreateContact_003()[pri:0, instance:ContactTest.ToCreateContactOrgTest@22fcf7ab]" name="toCreateContact_003" class="ContactTest.ToCreateContactOrgTest"/>
        <method signature="ToCreateContactTest.toCreateContact_001()[pri:0, instance:ContactTest.ToCreateContactTest@ae13544]" name="toCreateContact_001" class="ContactTest.ToCreateContactTest"/>
      </group> <!-- smoke -->
    </groups>
    <test started-at="2025-06-26T12:32:15 IST" name="Test1" finished-at="2025-06-26T12:33:17 IST" duration-ms="61734">
      <class name="OrganizationTest.ToCreateOrgTest">
        <test-method is-config="true" signature="beforeClassConfig()[pri:0, instance:OrganizationTest.ToCreateOrgTest@2de23121]" started-at="2025-06-26T12:32:42 IST" name="beforeClassConfig" finished-at="2025-06-26T12:32:44 IST" duration-ms="1924" status="PASS">
          <reporter-output>
          </reporter-output>
        </test-method> <!-- beforeClassConfig -->
        <test-method is-config="true" signature="beforeMthodConfig()[pri:0, instance:OrganizationTest.ToCreateOrgTest@2de23121]" started-at="2025-06-26T12:32:44 IST" name="beforeMthodConfig" finished-at="2025-06-26T12:32:44 IST" duration-ms="152" status="PASS">
          <reporter-output>
          </reporter-output>
        </test-method> <!-- beforeMthodConfig -->
        <test-method signature="toCreateContactOrg_002()[pri:0, instance:OrganizationTest.ToCreateOrgTest@2de23121]" started-at="2025-06-26T12:32:44 IST" name="toCreateContactOrg_002" finished-at="2025-06-26T12:32:53 IST" duration-ms="9247" status="PASS">
          <reporter-output>
          </reporter-output>
        </test-method> <!-- toCreateContactOrg_002 -->
        <test-method is-config="true" signature="afterClassConfig()[pri:0, instance:OrganizationTest.ToCreateOrgTest@2de23121]" started-at="2025-06-26T12:32:53 IST" name="afterClassConfig" finished-at="2025-06-26T12:32:53 IST" duration-ms="192" status="PASS">
          <reporter-output>
          </reporter-output>
        </test-method> <!-- afterClassConfig -->
      </class> <!-- OrganizationTest.ToCreateOrgTest -->
      <class name="OrganizationTest.ToCreateOrgWithTypeTest">
        <test-method is-config="true" signature="beforeClassConfig()[pri:0, instance:OrganizationTest.ToCreateOrgWithTypeTest@4988d8b8]" started-at="2025-06-26T12:33:05 IST" name="beforeClassConfig" finished-at="2025-06-26T12:33:07 IST" duration-ms="1792" status="PASS">
          <reporter-output>
          </reporter-output>
        </test-method> <!-- beforeClassConfig -->
        <test-method is-config="true" signature="beforeMthodConfig()[pri:0, instance:OrganizationTest.ToCreateOrgWithTypeTest@4988d8b8]" started-at="2025-06-26T12:33:07 IST" name="beforeMthodConfig" finished-at="2025-06-26T12:33:07 IST" duration-ms="160" status="PASS">
          <reporter-output>
          </reporter-output>
        </test-method> <!-- beforeMthodConfig -->
        <test-method signature="toCreateOrgWithType_005()[pri:0, instance:OrganizationTest.ToCreateOrgWithTypeTest@4988d8b8]" started-at="2025-06-26T12:33:07 IST" name="toCreateOrgWithType_005" finished-at="2025-06-26T12:33:17 IST" duration-ms="10008" status="PASS">
          <reporter-output>
          </reporter-output>
        </test-method> <!-- toCreateOrgWithType_005 -->
        <test-method is-config="true" signature="afterClassConfig()[pri:0, instance:OrganizationTest.ToCreateOrgWithTypeTest@4988d8b8]" started-at="2025-06-26T12:33:17 IST" name="afterClassConfig" finished-at="2025-06-26T12:33:17 IST" duration-ms="223" status="PASS">
          <reporter-output>
          </reporter-output>
        </test-method> <!-- afterClassConfig -->
      </class> <!-- OrganizationTest.ToCreateOrgWithTypeTest -->
      <class name="OrganizationTest.ToCreateOrgWithIndustryTest">
        <test-method is-config="true" signature="beforeClassConfig()[pri:0, instance:OrganizationTest.ToCreateOrgWithIndustryTest@63475ace]" started-at="2025-06-26T12:32:53 IST" name="beforeClassConfig" finished-at="2025-06-26T12:32:55 IST" duration-ms="1823" status="PASS">
          <reporter-output>
          </reporter-output>
        </test-method> <!-- beforeClassConfig -->
        <test-method is-config="true" signature="beforeMthodConfig()[pri:0, instance:OrganizationTest.ToCreateOrgWithIndustryTest@63475ace]" started-at="2025-06-26T12:32:55 IST" name="beforeMthodConfig" finished-at="2025-06-26T12:32:55 IST" duration-ms="170" status="PASS">
          <reporter-output>
          </reporter-output>
        </test-method> <!-- beforeMthodConfig -->
        <test-method signature="toCreateOrgwithIndustry_003()[pri:0, instance:OrganizationTest.ToCreateOrgWithIndustryTest@63475ace]" started-at="2025-06-26T12:32:55 IST" name="toCreateOrgwithIndustry_003" finished-at="2025-06-26T12:33:05 IST" duration-ms="9372" status="PASS">
          <reporter-output>
          </reporter-output>
        </test-method> <!-- toCreateOrgwithIndustry_003 -->
        <test-method is-config="true" signature="afterClassConfig()[pri:0, instance:OrganizationTest.ToCreateOrgWithIndustryTest@63475ace]" started-at="2025-06-26T12:33:05 IST" name="afterClassConfig" finished-at="2025-06-26T12:33:05 IST" duration-ms="198" status="PASS">
          <reporter-output>
          </reporter-output>
        </test-method> <!-- afterClassConfig -->
      </class> <!-- OrganizationTest.ToCreateOrgWithIndustryTest -->
      <class name="ContactTest.ToCreateContactOrgTest">
        <test-method is-config="true" signature="beforeClassConfig()[pri:0, instance:ContactTest.ToCreateContactOrgTest@22fcf7ab]" started-at="2025-06-26T12:32:29 IST" name="beforeClassConfig" finished-at="2025-06-26T12:32:31 IST" duration-ms="1906" status="PASS">
          <reporter-output>
          </reporter-output>
        </test-method> <!-- beforeClassConfig -->
        <test-method is-config="true" signature="beforeMthodConfig()[pri:0, instance:ContactTest.ToCreateContactOrgTest@22fcf7ab]" started-at="2025-06-26T12:32:31 IST" name="beforeMthodConfig" finished-at="2025-06-26T12:32:33 IST" duration-ms="1999" status="PASS">
          <reporter-output>
          </reporter-output>
        </test-method> <!-- beforeMthodConfig -->
        <test-method signature="toCreateContact_003()[pri:0, instance:ContactTest.ToCreateContactOrgTest@22fcf7ab]" started-at="2025-06-26T12:32:33 IST" name="toCreateContact_003" finished-at="2025-06-26T12:32:42 IST" duration-ms="8403" status="PASS">
          <reporter-output>
          </reporter-output>
        </test-method> <!-- toCreateContact_003 -->
        <test-method is-config="true" signature="afterClassConfig()[pri:0, instance:ContactTest.ToCreateContactOrgTest@22fcf7ab]" started-at="2025-06-26T12:32:42 IST" name="afterClassConfig" finished-at="2025-06-26T12:32:42 IST" duration-ms="208" status="PASS">
          <reporter-output>
          </reporter-output>
        </test-method> <!-- afterClassConfig -->
      </class> <!-- ContactTest.ToCreateContactOrgTest -->
      <class name="ContactTest.ToCreateContactTest">
        <test-method is-config="true" signature="beforeSuiteConfig()[pri:0, instance:ContactTest.ToCreateContactTest@ae13544]" started-at="2025-06-26T12:32:15 IST" name="beforeSuiteConfig" finished-at="2025-06-26T12:32:15 IST" duration-ms="15" status="PASS">
          <reporter-output>
          </reporter-output>
        </test-method> <!-- beforeSuiteConfig -->
        <test-method is-config="true" signature="beforeClassConfig()[pri:0, instance:ContactTest.ToCreateContactTest@ae13544]" started-at="2025-06-26T12:32:16 IST" name="beforeClassConfig" finished-at="2025-06-26T12:32:19 IST" duration-ms="3304" status="PASS">
          <reporter-output>
          </reporter-output>
        </test-method> <!-- beforeClassConfig -->
        <test-method is-config="true" signature="beforeMthodConfig()[pri:0, instance:ContactTest.ToCreateContactTest@ae13544]" started-at="2025-06-26T12:32:19 IST" name="beforeMthodConfig" finished-at="2025-06-26T12:32:21 IST" duration-ms="2073" status="PASS">
          <reporter-output>
          </reporter-output>
        </test-method> <!-- beforeMthodConfig -->
        <test-method signature="toCreateContact_001()[pri:0, instance:ContactTest.ToCreateContactTest@ae13544]" started-at="2025-06-26T12:32:21 IST" name="toCreateContact_001" finished-at="2025-06-26T12:32:29 IST" duration-ms="7810" status="FAIL">
          <exception class="java.lang.AssertionError">
            <message>
              <![CDATA[null]]>
            </message>
            <full-stacktrace>
              <![CDATA[java.lang.AssertionError: null
at org.testng.Assert.fail(Assert.java:111)
at org.testng.Assert.fail(Assert.java:116)
at ContactTest.ToCreateContactTest.toCreateContact_001(ToCreateContactTest.java:35)
at java.base/jdk.internal.reflect.DirectMethodHandleAccessor.invoke(DirectMethodHandleAccessor.java:103)
at java.base/java.lang.reflect.Method.invoke(Method.java:580)
at org.testng.internal.invokers.MethodInvocationHelper.invokeMethod(MethodInvocationHelper.java:141)
at org.testng.internal.invokers.TestInvoker.invokeMethod(TestInvoker.java:687)
at org.testng.internal.invokers.TestInvoker.invokeTestMethod(TestInvoker.java:230)
at org.testng.internal.invokers.MethodRunner.runInSequence(MethodRunner.java:63)
at org.testng.internal.invokers.TestInvoker$MethodInvocationAgent.invoke(TestInvoker.java:995)
at org.testng.internal.invokers.TestInvoker.invokeTestMethods(TestInvoker.java:203)
at org.testng.internal.invokers.TestMethodWorker.invokeTestMethods(TestMethodWorker.java:154)
at org.testng.internal.invokers.TestMethodWorker.run(TestMethodWorker.java:134)
at java.base/java.util.ArrayList.forEach(ArrayList.java:1596)
at org.testng.TestRunner.privateRun(TestRunner.java:741)
at org.testng.TestRunner.run(TestRunner.java:616)
at org.testng.SuiteRunner.runTest(SuiteRunner.java:421)
at org.testng.SuiteRunner.runSequentially(SuiteRunner.java:413)
at org.testng.SuiteRunner.privateRun(SuiteRunner.java:373)
at org.testng.SuiteRunner.run(SuiteRunner.java:312)
at org.testng.SuiteRunnerWorker.runSuite(SuiteRunnerWorker.java:52)
at org.testng.SuiteRunnerWorker.run(SuiteRunnerWorker.java:95)
at org.testng.TestNG.runSuitesSequentially(TestNG.java:1274)
at org.testng.TestNG.runSuitesLocally(TestNG.java:1208)
at org.testng.TestNG.runSuites(TestNG.java:1112)
at org.testng.TestNG.run(TestNG.java:1079)
at org.testng.remote.AbstractRemoteTestNG.run(AbstractRemoteTestNG.java:115)
at org.testng.remote.RemoteTestNG.initAndRun(RemoteTestNG.java:293)
at org.testng.remote.RemoteTestNG.main(RemoteTestNG.java:91)
]]>
            </full-stacktrace>
          </exception> <!-- java.lang.AssertionError -->
          <reporter-output>
          </reporter-output>
        </test-method> <!-- toCreateContact_001 -->
        <test-method is-config="true" signature="afterClassConfig()[pri:0, instance:ContactTest.ToCreateContactTest@ae13544]" started-at="2025-06-26T12:32:29 IST" name="afterClassConfig" finished-at="2025-06-26T12:32:29 IST" duration-ms="197" status="PASS">
          <reporter-output>
          </reporter-output>
        </test-method> <!-- afterClassConfig -->
        <test-method is-config="true" signature="afterSuiteConfig()[pri:0, instance:ContactTest.ToCreateContactTest@ae13544]" started-at="2025-06-26T12:33:17 IST" name="afterSuiteConfig" finished-at="2025-06-26T12:33:17 IST" duration-ms="0" status="PASS">
          <reporter-output>
          </reporter-output>
        </test-method> <!-- afterSuiteConfig -->
      </class> <!-- ContactTest.ToCreateContactTest -->
    </test> <!-- Test1 -->
  </suite> <!-- Suite -->
</testng-results>
